[09:44:01] [main/INFO]: Loading Minecraft 1.20.1 with Fabric Loader 0.15.3
[09:44:01] [main/INFO]: Loading 44 mods:
	- cobblemon 1.4.0+1.20.1
	- fabric-api 0.91.0+1.20.1
	   |-- fabric-api-base 0.4.30+7abfd51577
	   |-- fabric-api-lookup-api-v1 1.6.35+4d8536c977
	   |-- fabric-biome-api-v1 13.0.12+215bbe9677
	   |-- fabric-block-api-v1 1.0.10+92a0d36777
	   |-- fabric-block-view-api-v2 1.0.0+92a0d36777
	   |-- fabric-blockrenderlayer-v1 1.1.40+b3afc78b77
	   |-- fabric-client-tags-api-v1 1.1.1+97bb207577
	   |-- fabric-command-api-v1 1.2.33+f71b366f77
	   |-- fabric-command-api-v2 2.2.12+b3afc78b77
	   |-- fabric-commands-v0 0.2.50+df3654b377
	   |-- fabric-containers-v0 0.1.63+df3654b377
	   |-- fabric-content-registries-v0 4.0.10+57aed33f77
	   |-- fabric-convention-tags-v1 1.5.4+a1a980da77
	   |-- fabric-crash-report-info-v1 0.2.18+aeb40ebe77
	   |-- fabric-data-generation-api-v1 12.3.3+d7b148e077
	   |-- fabric-dimensions-v1 2.1.53+8536527b77
	   |-- fabric-entity-events-v1 1.5.22+b3afc78b77
	   |-- fabric-events-interaction-v0 0.6.1+e91849a877
	   |-- fabric-events-lifecycle-v0 0.2.62+df3654b377
	   |-- fabric-game-rule-api-v1 1.0.39+ae9f657a77
	   |-- fabric-item-api-v1 2.1.27+b3afc78b77
	   |-- fabric-item-group-api-v1 4.0.11+d7b148e077
	   |-- fabric-key-binding-api-v1 1.0.36+fb8d95da77
	   |-- fabric-keybindings-v0 0.2.34+df3654b377
	   |-- fabric-lifecycle-events-v1 2.2.21+b3afc78b77
	   |-- fabric-loot-api-v2 1.2.0+96dfa95977
	   |-- fabric-loot-tables-v1 1.1.44+9e7660c677
	   |-- fabric-message-api-v1 5.1.8+d7b148e077
	   |-- fabric-mining-level-api-v1 2.1.49+b3afc78b77
	   |-- fabric-model-loading-api-v1 1.0.2+709a987177
	   |-- fabric-models-v0 0.4.1+9386d8a777
	   |-- fabric-networking-api-v1 1.3.10+eeb8eb3677
	   |-- fabric-networking-v0 0.3.50+df3654b377
	   |-- fabric-object-builder-api-v1 11.1.2+4ee0bc6077
	   |-- fabric-particles-v1 1.1.1+201a23a077
	   |-- fabric-recipe-api-v1 1.0.20+b3afc78b77
	   |-- fabric-registry-sync-v0 2.3.2+4df89eb277
	   |-- fabric-renderer-api-v1 3.2.0+39a511ba77
	   |-- fabric-renderer-indigo 1.5.0+39a511ba77
	   |-- fabric-renderer-registries-v1 3.2.45+df3654b377
	   |-- fabric-rendering-data-attachment-v1 0.3.36+92a0d36777
	   |-- fabric-rendering-fluids-v1 3.0.27+b3afc78b77
	   |-- fabric-rendering-v0 1.1.48+df3654b377
	   |-- fabric-rendering-v1 3.0.7+b3afc78b77
	   |-- fabric-resource-conditions-api-v1 2.3.7+29de845d77
	   |-- fabric-resource-loader-v0 0.11.9+132c48c177
	   |-- fabric-screen-api-v1 2.0.7+b3afc78b77
	   |-- fabric-screen-handler-api-v1 1.3.29+b3afc78b77
	   |-- fabric-sound-api-v1 1.0.12+b3afc78b77
	   |-- fabric-transfer-api-v1 3.3.3+c81d263177
	   \-- fabric-transitive-access-wideners-v1 4.3.0+6c31357e77
	- fabricloader 0.15.3
	   \-- mixinextras 0.3.2
	- java 21
	- minecraft 1.20.1
[09:44:02] [main/INFO]: SpongePowered MIXIN Subsystem Version=0.8.5 Source=file:/workspaces/mctest/libraries/net/fabricmc/sponge-mixin/0.12.5+mixin.0.8.5/sponge-mixin-0.12.5+mixin.0.8.5.jar Service=Knot/Fabric Env=SERVER
[09:44:02] [main/INFO]: Compatibility level set to JAVA_16
[09:44:02] [main/INFO]: Compatibility level set to JAVA_17
[09:44:03] [main/INFO]: Initializing MixinExtras via com.llamalad7.mixinextras.service.MixinExtrasServiceImpl(version=0.3.2).
[09:44:15] [main/INFO]: Booting LaxPermissionValidator, permissions will be checked using Minecrafts permission level system, see https://minecraft.fandom.com/wiki/Permission_level
[09:44:16] [main/ERROR]: No data fixer registered for cobblemon:pokemon
[09:44:16] [main/ERROR]: No data fixer registered for cobblemon:empty_pokeball
[09:44:18] [main/INFO]: Starting the Best Spawner...
[09:44:18] [main/INFO]: Loaded 5 spawning condition types.
[09:44:18] [main/INFO]: Loaded 5 spawning context types.
[09:44:18] [main/INFO]: Loaded 1 spawn detail types.
[09:44:18] [Cobblemon Showdown/INFO]: Starting showdown service...
[09:44:22] [Cobblemon Showdown/INFO]: Showdown has been started!
[09:44:22] [main/INFO]: Note: Cobblemon data registries are only loaded once per server instance as Pokémon species are not safe to reload.
[09:44:22] [main/INFO]: Registered the cobblemon:species_features registry
[09:44:22] [main/INFO]: Registered the cobblemon:global_species_features registry
[09:44:22] [main/INFO]: Registered the cobblemon:species_feature_assignments registry
[09:44:22] [main/INFO]: Registered the cobblemon:moves registry
[09:44:22] [main/INFO]: Registered the cobblemon:abilities registry
[09:44:22] [main/INFO]: Registered the cobblemon:species registry
[09:44:22] [main/INFO]: Registered the cobblemon:species_additions registry
[09:44:22] [main/INFO]: Registered the cobblemon:pokeballs registry
[09:44:22] [main/INFO]: Registered the cobblemon:properties_tab_completion registry
[09:44:22] [main/INFO]: Registered the cobblemon:spawn_detail_presets registry
[09:44:22] [main/INFO]: Registered the cobblemon:mechanics registry
[09:44:22] [main/INFO]: Registered the cobblemon:bag_items registry
[09:44:22] [main/INFO]: Registered the cobblemon:spawn_pool_world registry
[09:44:22] [main/INFO]: Registered the cobblemon:berries registry
[09:44:22] [main/INFO]: Environment: authHost='https://authserver.mojang.com', accountsHost='https://api.mojang.com', sessionHost='https://sessionserver.mojang.com', servicesHost='https://api.minecraftservices.com', name='PROD'
[09:44:25] [main/INFO]: Loaded 7 recipes
[09:44:26] [main/INFO]: Loaded 1525 advancements
[09:44:31] [main/INFO]: Loaded 917 moves
[09:44:31] [main/INFO]: Loaded 302 abilities
[09:44:32] [main/INFO]: Finished additions
[09:44:33] [main/INFO]: Imported 181 held item IDs from showdown
[09:44:33] [main/INFO]: Loaded 1010 Pokémon species
[09:44:33] [main/INFO]: Loaded 32 spawn detail presets.
[09:44:33] [main/INFO]: Starting dummy Showdown battle to force it to pre-load data.
[09:44:35] [main/INFO]: Loaded 69 berries
[09:44:36] [main/INFO]: Applied 528 biome modifications to 64 of 64 new biomes in 29.20 ms
[09:44:36] [Server thread/INFO]: Starting minecraft server version 1.20.1
[09:44:36] [Server thread/INFO]: Loading properties
[09:44:36] [Server thread/INFO]: Default game type: SURVIVAL
[09:44:36] [Server thread/INFO]: Generating keypair
[09:44:36] [Server thread/INFO]: Starting Minecraft server on *:25565
[09:44:36] [Server thread/INFO]: Using epoll channel type
[09:44:37] [Server thread/WARN]: **** SERVER IS RUNNING IN OFFLINE/INSECURE MODE!
[09:44:37] [Server thread/WARN]: The server will make no attempt to authenticate usernames. Beware.
[09:44:37] [Server thread/WARN]: While this makes the game possible to play without internet access, it also opens up the ability for hackers to connect with any username they choose.
[09:44:37] [Server thread/WARN]: To change this, set "online-mode" to "true" in the server.properties file.
[09:44:37] [Server thread/INFO]: Preparing level "world"
[09:44:45] [Server thread/INFO]: Preparing start region for dimension minecraft:overworld
[09:44:49] [Worker-Main-1/INFO]: Preparing spawn area: 0%
[09:44:49] [Worker-Main-1/INFO]: Preparing spawn area: 0%
[09:44:49] [Worker-Main-1/INFO]: Preparing spawn area: 0%
[09:44:49] [Worker-Main-1/INFO]: Preparing spawn area: 0%
[09:44:49] [Worker-Main-1/INFO]: Preparing spawn area: 0%
[09:44:49] [Worker-Main-1/INFO]: Preparing spawn area: 0%
[09:44:49] [Worker-Main-1/INFO]: Preparing spawn area: 0%
[09:44:49] [Worker-Main-1/INFO]: Preparing spawn area: 0%
[09:44:49] [Worker-Main-1/INFO]: Preparing spawn area: 0%
[09:44:49] [Worker-Main-1/INFO]: Preparing spawn area: 0%
[09:44:50] [Worker-Main-1/INFO]: Preparing spawn area: 0%
[09:44:50] [Worker-Main-1/INFO]: Preparing spawn area: 0%
[09:44:51] [Worker-Main-1/INFO]: Preparing spawn area: 0%
[09:44:51] [Worker-Main-1/INFO]: Preparing spawn area: 0%
[09:44:52] [Worker-Main-1/INFO]: Preparing spawn area: 0%
[09:44:52] [Worker-Main-1/INFO]: Preparing spawn area: 0%
[09:44:53] [Worker-Main-1/INFO]: Preparing spawn area: 0%
[09:44:54] [Server thread/INFO]: Time elapsed: 8870 ms
[09:44:54] [Server thread/INFO]: Done (16.978s)! For help, type "help"
[09:51:58] [Server thread/INFO]: lulu_5[/127.0.0.1:40722] logged in with entity id 224 at (-3.5, 64.0, -3.5)
[09:51:58] [Server thread/INFO]: lulu_5 joined the game
[09:57:14] [Server console handler/ERROR]: Exception handling console input
java.io.IOException: Input/output error
	at java.io.FileInputStream.readBytes(Native Method) ~[?:?]
	at java.io.FileInputStream.read(FileInputStream.java:287) ~[?:?]
	at java.io.BufferedInputStream.read1(BufferedInputStream.java:345) ~[?:?]
	at java.io.BufferedInputStream.implRead(BufferedInputStream.java:420) ~[?:?]
	at java.io.BufferedInputStream.read(BufferedInputStream.java:399) ~[?:?]
	at sun.nio.cs.StreamDecoder.readBytes(StreamDecoder.java:329) ~[?:?]
	at sun.nio.cs.StreamDecoder.implRead(StreamDecoder.java:372) ~[?:?]
	at sun.nio.cs.StreamDecoder.lockedRead(StreamDecoder.java:215) ~[?:?]
	at sun.nio.cs.StreamDecoder.read(StreamDecoder.java:169) ~[?:?]
	at java.io.InputStreamReader.read(InputStreamReader.java:188) ~[?:?]
	at java.io.BufferedReader.fill(BufferedReader.java:160) ~[?:?]
	at java.io.BufferedReader.implReadLine(BufferedReader.java:370) ~[?:?]
	at java.io.BufferedReader.readLine(BufferedReader.java:347) ~[?:?]
	at java.io.BufferedReader.readLine(BufferedReader.java:436) ~[?:?]
	at net.minecraft.class_3176$1.run(class_3176.java:89) ~[server-intermediary.jar:?]
